This is pdfTeX, Version 3.141592653-2.6-1.40.24 (TeX Live 2022/Arch Linux) (preloaded format=pdflatex 2022.5.6)  28 JUL 2022 20:19
entering extended mode
 restricted \write18 enabled.
 file:line:error style messages enabled.
 %&-line parsing enabled.
**\input ./oscillator.tex
 (./oscillator.tex
./oscillator.tex:1: Undefined control sequence.
l.1 \section
            {Beschreibung}
? 
./oscillator.tex:1: Emergency stop.
l.1 
    
End of file on the terminal!

 
Here is how much of TeX's memory you used:
 16 strings out of 478238
 408 string characters out of 5850457
 289994 words of memory out of 5000000
 18355 multiletter control sequences out of 15000+600000
 469259 words of font info for 28 fonts, out of 8000000 for 9000
 1141 hyphenation exceptions out of 8191
 12i,0n,12p,54b,10s stack positions out of 5000i,500n,10000p,200000b,80000s
./oscillator.tex:1:  ==> Fatal error occurred, no output PDF file produced!
